added manifest
adding: Assets/(in = 0) (out= 0)(stored 0%)
adding: Assets/1c.png(in = 6009) (out= 6014)(deflated 0%)
adding: Assets/1d.png(in = 10416) (out= 10421)(deflated 0%)
adding: Assets/1h.png(in = 11927) (out= 11932)(deflated 0%)
adding: Assets/1s.png(in = 4944) (out= 4949)(deflated 0%)
adding: Assets/2c.png(in = 3125) (out= 3093)(deflated 1%)
adding: Assets/2d.png(in = 5011) (out= 4950)(deflated 1%)
adding: Assets/2h.png(in = 5457) (out= 5425)(deflated 0%)
adding: Assets/2s.png(in = 2745) (out= 2690)(deflated 2%)
adding: Assets/3c.png(in = 3484) (out= 3489)(deflated 0%)
adding: Assets/3d.png(in = 5592) (out= 5597)(deflated 0%)
adding: Assets/3h.png(in = 6825) (out= 6830)(deflated 0%)
adding: Assets/3s.png(in = 3140) (out= 3145)(deflated 0%)
adding: Assets/4c.png(in = 3808) (out= 3813)(deflated 0%)
adding: Assets/4d.png(in = 6209) (out= 6165)(deflated 0%)
adding: Assets/4h.png(in = 7386) (out= 7350)(deflated 0%)
adding: Assets/4s.png(in = 3320) (out= 3285)(deflated 1%)
adding: Assets/5c.png(in = 4223) (out= 4228)(deflated 0%)
adding: Assets/5d.png(in = 7032) (out= 7037)(deflated 0%)
adding: Assets/5h.png(in = 8461) (out= 8466)(deflated 0%)
adding: Assets/5s.png(in = 3650) (out= 3655)(deflated 0%)
adding: Assets/6c.png(in = 4650) (out= 4655)(deflated 0%)
adding: Assets/6d.png(in = 8023) (out= 8028)(deflated 0%)
adding: Assets/6h.png(in = 9491) (out= 9496)(deflated 0%)
adding: Assets/6s.png(in = 3990) (out= 3995)(deflated 0%)
adding: Assets/7c.png(in = 5430) (out= 5435)(deflated 0%)
adding: Assets/7d.png(in = 8557) (out= 8562)(deflated 0%)
adding: Assets/7h.png(in = 10214) (out= 10219)(deflated 0%)
adding: Assets/7s.png(in = 4380) (out= 4385)(deflated 0%)
adding: Assets/8c.png(in = 5746) (out= 5751)(deflated 0%)
adding: Assets/8d.png(in = 9814) (out= 9819)(deflated 0%)
adding: Assets/8h.png(in = 10941) (out= 10946)(deflated 0%)
adding: Assets/8s.png(in = 4758) (out= 4763)(deflated 0%)
adding: Assets/9c.png(in = 5947) (out= 5952)(deflated 0%)
adding: Assets/9d.png(in = 10096) (out= 10101)(deflated 0%)
adding: Assets/9h.png(in = 11540) (out= 11545)(deflated 0%)
adding: Assets/9s.png(in = 4811) (out= 4816)(deflated 0%)
adding: Assets/Ac.png(in = 2428) (out= 2433)(deflated 0%)
adding: Assets/Ad.png(in = 4072) (out= 4077)(deflated 0%)
adding: Assets/Ah.png(in = 4340) (out= 4345)(deflated 0%)
adding: Assets/As.png(in = 2828) (out= 2833)(deflated 0%)
adding: Assets/Jc.png(in = 13482) (out= 13487)(deflated 0%)
adding: Assets/Jd.png(in = 14398) (out= 14403)(deflated 0%)
adding: Assets/Jh.png(in = 14452) (out= 14457)(deflated 0%)
adding: Assets/Js.png(in = 13323) (out= 13328)(deflated 0%)
adding: Assets/Kc.png(in = 12756) (out= 12761)(deflated 0%)
adding: Assets/Kd.png(in = 14771) (out= 14776)(deflated 0%)
adding: Assets/Kh.png(in = 14879) (out= 14884)(deflated 0%)
adding: Assets/Ks.png(in = 12924) (out= 12929)(deflated 0%)
adding: Assets/Qc.png(in = 13361) (out= 13366)(deflated 0%)
adding: Assets/Qd.png(in = 14505) (out= 14510)(deflated 0%)
adding: Assets/Qh.png(in = 14242) (out= 14247)(deflated 0%)
adding: Assets/Qs.png(in = 13473) (out= 13478)(deflated 0%)
adding: Assets/back.png(in = 15064) (out= 15069)(deflated 0%)
adding: Assets/cardstack.png(in = 17632) (out= 17642)(deflated 0%)
adding: Assets/first.png(in = 235209) (out= 233734)(deflated 0%)
adding: Assets/fourth.png(in = 1070868) (out= 1033028)(deflated 3%)
adding: Assets/icon.png(in = 28722) (out= 28061)(deflated 2%)
adding: Assets/l1c.png(in = 754) (out= 759)(deflated 0%)
adding: Assets/l1d.png(in = 1366) (out= 1371)(deflated 0%)
adding: Assets/l1h.png(in = 1485) (out= 1490)(deflated 0%)
adding: Assets/l1s.png(in = 731) (out= 736)(deflated 0%)
adding: Assets/l2c.png(in = 859) (out= 864)(deflated 0%)
adding: Assets/l2d.png(in = 1426) (out= 1431)(deflated 0%)
adding: Assets/l2h.png(in = 1364) (out= 1369)(deflated 0%)
adding: Assets/l2s.png(in = 830) (out= 835)(deflated 0%)
adding: Assets/l3c.png(in = 806) (out= 811)(deflated 0%)
adding: Assets/l3d.png(in = 1332) (out= 1337)(deflated 0%)
adding: Assets/l3h.png(in = 1411) (out= 1416)(deflated 0%)
adding: Assets/l3s.png(in = 798) (out= 803)(deflated 0%)
adding: Assets/l4c.png(in = 969) (out= 974)(deflated 0%)
adding: Assets/l4d.png(in = 1467) (out= 1472)(deflated 0%)
adding: Assets/l4h.png(in = 1633) (out= 1638)(deflated 0%)
adding: Assets/l4s.png(in = 886) (out= 891)(deflated 0%)
adding: Assets/l5c.png(in = 794) (out= 799)(deflated 0%)
adding: Assets/l5d.png(in = 1351) (out= 1356)(deflated 0%)
adding: Assets/l5h.png(in = 1444) (out= 1449)(deflated 0%)
adding: Assets/l5s.png(in = 740) (out= 745)(deflated 0%)
adding: Assets/l6c.png(in = 829) (out= 834)(deflated 0%)
adding: Assets/l6d.png(in = 1450) (out= 1455)(deflated 0%)
adding: Assets/l6h.png(in = 1634) (out= 1639)(deflated 0%)
adding: Assets/l6s.png(in = 801) (out= 806)(deflated 0%)
adding: Assets/l7c.png(in = 959) (out= 964)(deflated 0%)
adding: Assets/l7d.png(in = 1281) (out= 1286)(deflated 0%)
adding: Assets/l7h.png(in = 1718) (out= 1723)(deflated 0%)
adding: Assets/l7s.png(in = 905) (out= 910)(deflated 0%)
adding: Assets/l8c.png(in = 1035) (out= 1040)(deflated 0%)
adding: Assets/l8d.png(in = 1344) (out= 1349)(deflated 0%)
adding: Assets/l8h.png(in = 1657) (out= 1662)(deflated 0%)
adding: Assets/l8s.png(in = 931) (out= 936)(deflated 0%)
adding: Assets/l9c.png(in = 865) (out= 870)(deflated 0%)
adding: Assets/l9d.png(in = 1454) (out= 1459)(deflated 0%)
adding: Assets/l9h.png(in = 1501) (out= 1506)(deflated 0%)
adding: Assets/l9s.png(in = 867) (out= 872)(deflated 0%)
adding: Assets/lAc.png(in = 787) (out= 792)(deflated 0%)
adding: Assets/lAd.png(in = 1308) (out= 1313)(deflated 0%)
adding: Assets/lAh.png(in = 1391) (out= 1396)(deflated 0%)
adding: Assets/lAs.png(in = 764) (out= 769)(deflated 0%)
adding: Assets/lJc.png(in = 1170) (out= 1175)(deflated 0%)
adding: Assets/lJd.png(in = 1636) (out= 1641)(deflated 0%)
adding: Assets/lJh.png(in = 1542) (out= 1547)(deflated 0%)
adding: Assets/lJs.png(in = 1179) (out= 1184)(deflated 0%)
adding: Assets/lKc.png(in = 1271) (out= 1276)(deflated 0%)
adding: Assets/lKd.png(in = 1969) (out= 1974)(deflated 0%)
adding: Assets/lKh.png(in = 2028) (out= 2033)(deflated 0%)
adding: Assets/lKs.png(in = 1357) (out= 1362)(deflated 0%)
adding: Assets/lQc.png(in = 1308) (out= 1313)(deflated 0%)
adding: Assets/lQd.png(in = 1725) (out= 1730)(deflated 0%)
adding: Assets/lQh.png(in = 1759) (out= 1764)(deflated 0%)
adding: Assets/lQs.png(in = 1238) (out= 1243)(deflated 0%)
adding: Assets/lback.png(in = 2209) (out= 2214)(deflated 0%)
adding: Assets/second.png(in = 161071) (out= 159043)(deflated 1%)
adding: Assets/tback.png(in = 1474) (out= 1479)(deflated 0%)
adding: Assets/third.png(in = 201698) (out= 199017)(deflated 1%)
adding: com/(in = 0) (out= 0)(stored 0%)
adding: com/game/(in = 0) (out= 0)(stored 0%)
adding: com/game/controller/(in = 0) (out= 0)(stored 0%)
adding: com/game/controller/Controller$ChListener.class(in = 1081) (out= 619)(deflated 42%)
adding: com/game/controller/Controller$EndGameListener.class(in = 1151) (out= 673)(deflated 41%)
adding: com/game/controller/Controller$EngListener.class(in = 1083) (out= 617)(deflated 43%)
adding: com/game/controller/Controller$FourListener.class(in = 963) (out= 569)(deflated 40%)
adding: com/game/controller/Controller$StartGameListener.class(in = 811) (out= 479)(deflated 40%)
adding: com/game/controller/Controller$ThreeListener.class(in = 965) (out= 567)(deflated 41%)
adding: com/game/controller/Controller$TwoListener.class(in = 961) (out= 571)(deflated 40%)
adding: com/game/controller/Controller.class(in = 5757) (out= 2848)(deflated 50%)
adding: com/game/controller/WindowCloserTask.class(in = 622) (out= 437)(deflated 29%)
adding: com/game/model/(in = 0) (out= 0)(stored 0%)
adding: com/game/model/Card.class(in = 1130) (out= 550)(deflated 51%)
adding: com/game/model/Chat.class(in = 1003) (out= 511)(deflated 49%)
adding: com/game/model/Deck.class(in = 1221) (out= 766)(deflated 37%)
adding: com/game/model/Game.class(in = 11881) (out= 5742)(deflated 51%)
adding: com/game/model/PlayTurnTask.class(in = 399) (out= 272)(deflated 31%)
adding: com/game/model/Player.class(in = 3583) (out= 1796)(deflated 49%)
adding: com/game/ui/(in = 0) (out= 0)(stored 0%)
adding: com/game/ui/ChatUI$MyKeyAdapter.class(in = 1279) (out= 765)(deflated 40%)
adding: com/game/ui/ChatUI$MyMouseAdapter.class(in = 899) (out= 568)(deflated 36%)
adding: com/game/ui/ChatUI.class(in = 3511) (out= 1676)(deflated 52%)
adding: com/game/ui/GameZoneUI$CardStackAdapter.class(in = 1012) (out= 586)(deflated 42%)
adding: com/game/ui/GameZoneUI$MyCardAdapter.class(in = 1288) (out= 765)(deflated 40%)
adding: com/game/ui/GameZoneUI.class(in = 8353) (out= 4361)(deflated 47%)
adding: com/game/ui/LeaderboardUI.class(in = 4078) (out= 1979)(deflated 51%)
adding: com/game/ui/MenuBarUI.class(in = 4879) (out= 1906)(deflated 60%)
adding: com/game/ui/UI.class(in = 4861) (out= 2410)(deflated 50%)
adding: resources/(in = 0) (out= 0)(stored 0%)
adding: resources/messages_ch.properties(in = 1147) (out= 744)(deflated 35%)
adding: resources/messages_en.properties(in = 1224) (out= 610)(deflated 50%)
