src\com\game\controller\Controller.java:245: warning: [deprecation] Locale(String) in Locale has been deprecated
				Locale locale = new Locale(langCode);
				                ^
src\com\game\controller\Controller.java:249: warning: [deprecation] Locale(String) in Locale has been deprecated
				Locale locale = new Locale(langCode);
				                ^
src\com\game\controller\Controller.java:36: warning: [this-escape] possible 'this' escape before subclass is fully initialized
		setLanguage("en");
		           ^
src\com\game\model\Game.java:87: warning: [deprecation] Locale(String) in Locale has been deprecated
			Locale locale = new Locale(langCode);
			                ^
src\com\game\model\Game.java:90: warning: [deprecation] Locale(String) in Locale has been deprecated
			Locale locale = new Locale(langCode);
			                ^
src\com\game\model\Game.java:55: warning: [this-escape] possible 'this' escape before subclass is fully initialized
		setLanguage("en");
		           ^
src\com\game\ui\MenuBarUI.java:22: warning: [serial] non-transient instance field of a serializable class declared with a non-serializable type
	private Controller controller;
	                   ^
src\com\game\ui\MenuBarUI.java:54: warning: [this-escape] possible 'this' escape before subclass is fully initialized
		this.add(gameMenu);
		        ^
src\com\game\ui\GameZoneUI.java:48: warning: [serial] non-transient instance field of a serializable class declared with a non-serializable type
	Controller gameController;
	           ^
src\com\game\ui\GameZoneUI.java:50: warning: [serial] non-transient instance field of a serializable class declared with a non-serializable type
	List<Card> myHandList;
	           ^
src\com\game\ui\GameZoneUI.java:59: warning: [serial] non-transient instance field of a serializable class declared with a non-serializable type
	List<String> dirList = List.of("west", "north", "east");
	             ^
src\com\game\ui\GameZoneUI.java:60: warning: [serial] non-transient instance field of a serializable class declared with a non-serializable type
	List<String> borderLayoutList = List.of(BorderLayout.WEST, BorderLayout.NORTH, BorderLayout.EAST);
	             ^
src\com\game\ui\GameZoneUI.java:71: warning: [this-escape] possible 'this' escape before subclass is fully initialized
		this.setBackground(new Color(206, 237, 206));
		                  ^
src\com\game\ui\LeaderboardUI.java:25: warning: [serial] non-transient instance field of a serializable class declared with a non-serializable type
	Controller controller;
	           ^
src\com\game\ui\LeaderboardUI.java:26: warning: [serial] non-transient instance field of a serializable class declared with a non-serializable type
	List<Player> playerList;
	             ^
src\com\game\ui\ChatUI.java:30: warning: [serial] non-transient instance field of a serializable class declared with a non-serializable type
	Controller controller;
	           ^
16 warnings
