Loading source file src\ChatUI.java...
Loading source file src\GameZoneUI.java...
Loading source file src\LeaderboardUI.java...
Loading source file src\Main.java...
Loading source file src\MenuBarUI.java...
Loading source file src\UI.java...
Constructing Javadoc information...
Building index for all the packages and classes...
Standard Doclet version 22.0.1+8-16
Building tree for all the packages and classes...
Generating doc\ChatUI.html...
Generating doc\GameZoneUI.html...
Generating doc\LeaderboardUI.html...
Generating doc\Main.html...
Generating doc\MenuBarUI.html...
Generating doc\UI.html...
Generating doc\package-summary.html...
Generating doc\package-tree.html...
Generating doc\serialized-form.html...
Generating doc\overview-tree.html...
Generating doc\allclasses-index.html...
Building index for all classes...
Generating doc\allpackages-index.html...
Generating doc\index-all.html...
Generating doc\search.html...
Generating doc\index.html...
Generating doc\help-doc.html...
